<?xml version="1.0" encoding="UTF-8"?>
<!-- Generated by org.testng.reporters.JUnitReportReporter -->
<testsuite hostname="HARI-KRISHNA" failures="0" tests="1" name="RestAssuredPractice.PathParams" time="2.366" errors="0" timestamp="2023-04-16T20:37:21 IST" skipped="0">
  <testcase classname="RestAssuredPractice.PathParams" name="Cookies" time="2.366"/>
  <system-out/>
</testsuite> <!-- RestAssuredPractice.PathParams -->
