<?xml version="1.0" encoding="UTF-8"?>
<!-- Generated by org.testng.reporters.JUnitReportReporter -->
<testsuite hostname="HARI-KRISHNA" failures="0" tests="4" name="RestAssuredPractice.Pattern1" time="4.905" errors="0" timestamp="2023-04-14T18:24:43 IST" skipped="0">
  <testcase classname="RestAssuredPractice.Pattern1" name="getUsers" time="2.999"/>
  <system-out/>
  <testcase classname="RestAssuredPractice.Pattern1" name="postUser" time="0.841"/>
  <system-out/>
  <testcase classname="RestAssuredPractice.Pattern1" name="updateuser" time="0.557"/>
  <system-out/>
  <testcase classname="RestAssuredPractice.Pattern1" name="delete" time="0.508"/>
  <system-out/>
</testsuite> <!-- RestAssuredPractice.Pattern1 -->
