<?xml version="1.0" encoding="UTF-8"?>
<!-- Generated by org.testng.reporters.JUnitReportReporter -->
<testsuite hostname="HARI-KRISHNA" failures="0" tests="1" name="RestAssuredPractice.PostMethods" time="2.328" errors="0" timestamp="2023-04-15T20:58:43 IST" skipped="0">
  <testcase classname="RestAssuredPractice.PostMethods" name="HashMethod" time="2.328"/>
  <system-out/>
</testsuite> <!-- RestAssuredPractice.PostMethods -->
